{"C:\\Users\\wg904\\OneDrive\\Escritorio\\js\\exercise\\exercise1.js": {"path":"C:\\Users\\wg904\\OneDrive\\Escritorio\\js\\exercise\\exercise1.js","all":false,"statementMap":{"0":{"start":{"line":1,"column":0},"end":{"line":1,"column":47}},"1":{"start":{"line":2,"column":0},"end":{"line":2,"column":25}},"2":{"start":{"line":3,"column":0},"end":{"line":3,"column":15}},"3":{"start":{"line":4,"column":0},"end":{"line":4,"column":27}},"4":{"start":{"line":5,"column":0},"end":{"line":5,"column":56}},"5":{"start":{"line":6,"column":0},"end":{"line":6,"column":28}},"6":{"start":{"line":7,"column":0},"end":{"line":7,"column":4}},"7":{"start":{"line":8,"column":0},"end":{"line":8,"column":22}},"8":{"start":{"line":9,"column":0},"end":{"line":9,"column":29}},"9":{"start":{"line":10,"column":0},"end":{"line":10,"column":74}},"10":{"start":{"line":11,"column":0},"end":{"line":11,"column":28}},"11":{"start":{"line":12,"column":0},"end":{"line":12,"column":4}},"12":{"start":{"line":13,"column":0},"end":{"line":13,"column":9}},"13":{"start":{"line":14,"column":0},"end":{"line":14,"column":29}},"14":{"start":{"line":15,"column":0},"end":{"line":15,"column":44}},"15":{"start":{"line":16,"column":0},"end":{"line":16,"column":28}},"16":{"start":{"line":17,"column":0},"end":{"line":17,"column":4}},"17":{"start":{"line":18,"column":0},"end":{"line":18,"column":17}},"18":{"start":{"line":19,"column":0},"end":{"line":19,"column":29}},"19":{"start":{"line":20,"column":0},"end":{"line":20,"column":69}},"20":{"start":{"line":21,"column":0},"end":{"line":21,"column":28}},"21":{"start":{"line":22,"column":0},"end":{"line":22,"column":4}},"22":{"start":{"line":23,"column":0},"end":{"line":23,"column":9}},"23":{"start":{"line":24,"column":0},"end":{"line":24,"column":29}},"24":{"start":{"line":25,"column":0},"end":{"line":25,"column":56}},"25":{"start":{"line":26,"column":0},"end":{"line":26,"column":28}},"26":{"start":{"line":27,"column":0},"end":{"line":27,"column":3}},"27":{"start":{"line":28,"column":0},"end":{"line":28,"column":1}},"28":{"start":{"line":29,"column":0},"end":{"line":29,"column":0}},"29":{"start":{"line":30,"column":0},"end":{"line":30,"column":44}},"30":{"start":{"line":31,"column":0},"end":{"line":31,"column":31}},"31":{"start":{"line":32,"column":0},"end":{"line":32,"column":1}},"32":{"start":{"line":33,"column":0},"end":{"line":33,"column":50}},"33":{"start":{"line":34,"column":0},"end":{"line":34,"column":66}},"34":{"start":{"line":35,"column":0},"end":{"line":35,"column":19}},"35":{"start":{"line":36,"column":0},"end":{"line":36,"column":1}},"36":{"start":{"line":37,"column":0},"end":{"line":37,"column":35}},"37":{"start":{"line":38,"column":0},"end":{"line":38,"column":72}},"38":{"start":{"line":39,"column":0},"end":{"line":39,"column":0}},"39":{"start":{"line":40,"column":0},"end":{"line":40,"column":74}}},"s":{"0":1,"1":1,"2":1,"3":1,"4":1,"5":1,"6":1,"7":1,"8":1,"9":1,"10":1,"11":1,"12":1,"13":1,"14":1,"15":1,"16":1,"17":1,"18":1,"19":1,"20":1,"21":1,"22":1,"23":1,"24":1,"25":1,"26":1,"27":1,"28":1,"29":1,"30":3,"31":3,"32":1,"33":5,"34":5,"35":5,"36":1,"37":1,"38":1,"39":1},"branchMap":{"0":{"type":"branch","line":30,"loc":{"start":{"line":30,"column":33},"end":{"line":32,"column":1}},"locations":[{"start":{"line":30,"column":33},"end":{"line":32,"column":1}}]},"1":{"type":"branch","line":33,"loc":{"start":{"line":33,"column":38},"end":{"line":36,"column":1}},"locations":[{"start":{"line":33,"column":38},"end":{"line":36,"column":1}}]},"2":{"type":"branch","line":34,"loc":{"start":{"line":34,"column":33},"end":{"line":34,"column":65}},"locations":[{"start":{"line":34,"column":33},"end":{"line":34,"column":65}}]}},"b":{"0":[3],"1":[5],"2":[10]},"fnMap":{"0":{"name":"getInfoAboutSuperHeroes","decl":{"start":{"line":30,"column":33},"end":{"line":32,"column":1}},"loc":{"start":{"line":30,"column":33},"end":{"line":32,"column":1}},"line":30},"1":{"name":"getInfoAboutSuperHeroesArray","decl":{"start":{"line":33,"column":38},"end":{"line":36,"column":1}},"loc":{"start":{"line":33,"column":38},"end":{"line":36,"column":1}},"line":33}},"f":{"0":3,"1":5}}
,"C:\\Users\\wg904\\OneDrive\\Escritorio\\js\\exercise\\exercise2.js": {"path":"C:\\Users\\wg904\\OneDrive\\Escritorio\\js\\exercise\\exercise2.js","all":false,"statementMap":{"0":{"start":{"line":1,"column":0},"end":{"line":1,"column":32}},"1":{"start":{"line":2,"column":0},"end":{"line":2,"column":18}},"2":{"start":{"line":3,"column":0},"end":{"line":3,"column":35}},"3":{"start":{"line":4,"column":0},"end":{"line":4,"column":0}},"4":{"start":{"line":5,"column":0},"end":{"line":5,"column":32}},"5":{"start":{"line":6,"column":0},"end":{"line":6,"column":27}},"6":{"start":{"line":7,"column":0},"end":{"line":7,"column":17}},"7":{"start":{"line":8,"column":0},"end":{"line":8,"column":5}},"8":{"start":{"line":9,"column":0},"end":{"line":9,"column":64}},"9":{"start":{"line":10,"column":0},"end":{"line":10,"column":25}},"10":{"start":{"line":11,"column":0},"end":{"line":11,"column":5}},"11":{"start":{"line":12,"column":0},"end":{"line":12,"column":4}},"12":{"start":{"line":13,"column":0},"end":{"line":13,"column":33}},"13":{"start":{"line":14,"column":0},"end":{"line":14,"column":0}},"14":{"start":{"line":15,"column":0},"end":{"line":15,"column":24}},"15":{"start":{"line":16,"column":0},"end":{"line":16,"column":1}},"16":{"start":{"line":17,"column":0},"end":{"line":17,"column":0}},"17":{"start":{"line":18,"column":0},"end":{"line":18,"column":91}},"18":{"start":{"line":19,"column":0},"end":{"line":19,"column":103}},"19":{"start":{"line":20,"column":0},"end":{"line":20,"column":100}},"20":{"start":{"line":21,"column":0},"end":{"line":21,"column":97}},"21":{"start":{"line":22,"column":0},"end":{"line":22,"column":0}},"22":{"start":{"line":23,"column":0},"end":{"line":23,"column":33}},"23":{"start":{"line":24,"column":0},"end":{"line":24,"column":0}},"24":{"start":{"line":25,"column":0},"end":{"line":25,"column":0}},"25":{"start":{"line":26,"column":0},"end":{"line":26,"column":0}},"26":{"start":{"line":27,"column":0},"end":{"line":27,"column":0}},"27":{"start":{"line":28,"column":0},"end":{"line":28,"column":0}},"28":{"start":{"line":29,"column":0},"end":{"line":29,"column":0}},"29":{"start":{"line":30,"column":0},"end":{"line":30,"column":38434}}},"s":{"0":1,"1":6,"2":6,"3":6,"4":6,"5":38,"6":6,"7":6,"8":38,"9":16,"10":16,"11":6,"12":6,"13":6,"14":6,"15":6,"16":1,"17":1,"18":1,"19":1,"20":1,"21":1,"22":1,"23":1,"24":1,"25":1,"26":1,"27":1,"28":1,"29":1},"branchMap":{"0":{"type":"branch","line":1,"loc":{"start":{"line":1,"column":22},"end":{"line":16,"column":1}},"locations":[{"start":{"line":1,"column":22},"end":{"line":16,"column":1}}]},"1":{"type":"branch","line":5,"loc":{"start":{"line":5,"column":20},"end":{"line":12,"column":3}},"locations":[{"start":{"line":5,"column":20},"end":{"line":12,"column":3}}]},"2":{"type":"branch","line":6,"loc":{"start":{"line":6,"column":26},"end":{"line":8,"column":5}},"locations":[{"start":{"line":6,"column":26},"end":{"line":8,"column":5}}]},"3":{"type":"branch","line":9,"loc":{"start":{"line":9,"column":22},"end":{"line":9,"column":42}},"locations":[{"start":{"line":9,"column":22},"end":{"line":9,"column":42}}]},"4":{"type":"branch","line":9,"loc":{"start":{"line":9,"column":42},"end":{"line":9,"column":61}},"locations":[{"start":{"line":9,"column":42},"end":{"line":9,"column":61}}]},"5":{"type":"branch","line":9,"loc":{"start":{"line":9,"column":63},"end":{"line":11,"column":5}},"locations":[{"start":{"line":9,"column":63},"end":{"line":11,"column":5}}]},"6":{"type":"branch","line":30,"loc":{"start":{"line":30,"column":68},"end":{"line":30,"column":37797}},"locations":[{"start":{"line":30,"column":68},"end":{"line":30,"column":37797}}]},"7":{"type":"branch","line":30,"loc":{"start":{"line":30,"column":133},"end":{"line":30,"column":37784}},"locations":[{"start":{"line":30,"column":133},"end":{"line":30,"column":37784}}]},"8":{"type":"branch","line":30,"loc":{"start":{"line":30,"column":37786},"end":{"line":30,"column":37796}},"locations":[{"start":{"line":30,"column":37786},"end":{"line":30,"column":37796}}]},"9":{"type":"branch","line":30,"loc":{"start":{"line":30,"column":37824},"end":{"line":30,"column":37897}},"locations":[{"start":{"line":30,"column":37824},"end":{"line":30,"column":37897}}]},"10":{"type":"branch","line":30,"loc":{"start":{"line":30,"column":37877},"end":{"line":30,"column":37888}},"locations":[{"start":{"line":30,"column":37877},"end":{"line":30,"column":37888}}]}},"b":{"0":[6],"1":[38],"2":[6],"3":[25],"4":[19],"5":[16],"6":[1],"7":[1],"8":[1],"9":[1],"10":[1]},"fnMap":{"0":{"name":"simplifyPath","decl":{"start":{"line":1,"column":22},"end":{"line":16,"column":1}},"loc":{"start":{"line":1,"column":22},"end":{"line":16,"column":1}},"line":1},"1":{"name":"oo_cm","decl":{"start":{"line":30,"column":68},"end":{"line":30,"column":37797}},"loc":{"start":{"line":30,"column":68},"end":{"line":30,"column":37797}},"line":30},"2":{"name":"oo_oo","decl":{"start":{"line":30,"column":37824},"end":{"line":30,"column":37897}},"loc":{"start":{"line":30,"column":37824},"end":{"line":30,"column":37897}},"line":30},"3":{"name":"oo_tr","decl":{"start":{"line":30,"column":37924},"end":{"line":30,"column":37999}},"loc":{"start":{"line":30,"column":37924},"end":{"line":30,"column":37999}},"line":30},"4":{"name":"oo_ts","decl":{"start":{"line":30,"column":38026},"end":{"line":30,"column":38081}},"loc":{"start":{"line":30,"column":38026},"end":{"line":30,"column":38081}},"line":30},"5":{"name":"oo_te","decl":{"start":{"line":30,"column":38108},"end":{"line":30,"column":38166}},"loc":{"start":{"line":30,"column":38108},"end":{"line":30,"column":38166}},"line":30}},"f":{"0":6,"1":1,"2":1,"3":1,"4":1,"5":1}}
}
