TN:
SF:exercise\exercise1.js
FN:30,getInfoAboutSuperHeroes
FN:33,getInfoAboutSuperHeroesArray
FNF:2
FNH:2
FNDA:3,getInfoAboutSuperHeroes
FNDA:5,getInfoAboutSuperHeroesArray
DA:1,1
DA:2,1
DA:3,1
DA:4,1
DA:5,1
DA:6,1
DA:7,1
DA:8,1
DA:9,1
DA:10,1
DA:11,1
DA:12,1
DA:13,1
DA:14,1
DA:15,1
DA:16,1
DA:17,1
DA:18,1
DA:19,1
DA:20,1
DA:21,1
DA:22,1
DA:23,1
DA:24,1
DA:25,1
DA:26,1
DA:27,1
DA:28,1
DA:29,1
DA:30,1
DA:31,3
DA:32,3
DA:33,1
DA:34,5
DA:35,5
DA:36,5
DA:37,1
DA:38,1
DA:39,1
DA:40,1
LF:40
LH:40
BRDA:30,0,0,3
BRDA:33,1,0,5
BRDA:34,2,0,10
BRF:3
BRH:3
end_of_record
TN:
SF:exercise\exercise2.js
FN:1,simplifyPath
FN:30,oo_cm
FN:30,oo_oo
FN:30,oo_tr
FN:30,oo_ts
FN:30,oo_te
FNF:6
FNH:6
FNDA:6,simplifyPath
FNDA:1,oo_cm
FNDA:1,oo_oo
FNDA:1,oo_tr
FNDA:1,oo_ts
FNDA:1,oo_te
DA:1,1
DA:2,6
DA:3,6
DA:4,6
DA:5,6
DA:6,38
DA:7,6
DA:8,6
DA:9,38
DA:10,16
DA:11,16
DA:12,6
DA:13,6
DA:14,6
DA:15,6
DA:16,6
DA:17,1
DA:18,1
DA:19,1
DA:20,1
DA:21,1
DA:22,1
DA:23,1
DA:24,1
DA:25,1
DA:26,1
DA:27,1
DA:28,1
DA:29,1
DA:30,1
LF:30
LH:30
BRDA:1,0,0,6
BRDA:5,1,0,38
BRDA:6,2,0,6
BRDA:9,3,0,25
BRDA:9,4,0,19
BRDA:9,5,0,16
BRDA:30,6,0,1
BRDA:30,7,0,1
BRDA:30,8,0,1
BRDA:30,9,0,1
BRDA:30,10,0,1
BRF:11
BRH:11
end_of_record
